C:\Program Files\Microsoft Visual Studio\2022\Professional\MSBuild\Microsoft\VC\v170\Microsoft.CppBuild.targets(517,5): warning MSB8028: The intermediate directory (x64\Debug\) contains files shared from another project (Pacanele.vcxproj).  This can lead to incorrect clean and rebuild behavior.
  CASINO.cpp
A:\FACULTATE\FACULTATE\ANUL 1\POO\PROIECTE\SLOTS\SLOTS.h(26,13): warning C4244: 'argument': conversion from 'time_t' to 'unsigned int', possible loss of data
A:\FACULTATE\FACULTATE\ANUL 1\POO\PROIECTE\SLOTS\SLOTS.h(56,13): warning C4244: 'argument': conversion from 'time_t' to 'unsigned int', possible loss of data
A:\FACULTATE\FACULTATE\ANUL 1\POO\PROIECTE\SLOTS\SLOTS.h(57,17): warning C4244: 'initializing': conversion from '_Rep' to 'unsigned int', possible loss of data
          with
          [
              _Rep=std::chrono::system_clock::rep
          ]
  PLAY.cpp
A:\FACULTATE\FACULTATE\ANUL 1\POO\PROIECTE\SLOTS\SLOTS.h(26,13): warning C4244: 'argument': conversion from 'time_t' to 'unsigned int', possible loss of data
A:\FACULTATE\FACULTATE\ANUL 1\POO\PROIECTE\SLOTS\SLOTS.h(56,13): warning C4244: 'argument': conversion from 'time_t' to 'unsigned int', possible loss of data
A:\FACULTATE\FACULTATE\ANUL 1\POO\PROIECTE\SLOTS\SLOTS.h(57,17): warning C4244: 'initializing': conversion from '_Rep' to 'unsigned int', possible loss of data
          with
          [
              _Rep=std::chrono::system_clock::rep
          ]
  SUPERBET.cpp
A:\FACULTATE\FACULTATE\ANUL 1\POO\PROIECTE\SLOTS\SLOTS.h(26,13): warning C4244: 'argument': conversion from 'time_t' to 'unsigned int', possible loss of data
A:\FACULTATE\FACULTATE\ANUL 1\POO\PROIECTE\SLOTS\SLOTS.h(56,13): warning C4244: 'argument': conversion from 'time_t' to 'unsigned int', possible loss of data
A:\FACULTATE\FACULTATE\ANUL 1\POO\PROIECTE\SLOTS\SLOTS.h(57,17): warning C4244: 'initializing': conversion from '_Rep' to 'unsigned int', possible loss of data
          with
          [
              _Rep=std::chrono::system_clock::rep
          ]
A:\FACULTATE\FACULTATE\ANUL 1\POO\PROIECTE\SLOTS\SUPERBET.cpp(113,13): warning C4267: 'initializing': conversion from 'size_t' to 'int', possible loss of data
  Generating Code...
  Pacanele.vcxproj -> A:\FACULTATE\FACULTATE\ANUL 1\POO\PROIECTE\SLOTS\x64\Debug\SLOTS.exe
